<?xml version="1.0" encoding="UTF-8"?>
<coverage generated="1698281403333" clover="3.2.0">
  <project timestamp="1698281403333" name="All files">
    <metrics statements="138" coveredstatements="126" conditionals="42" coveredconditionals="34" methods="19" coveredmethods="16" elements="199" coveredelements="176" complexity="0" loc="138" ncloc="138" packages="1" files="3" classes="3"/>
    <file name="gameBoardFactory.js" path="/Users/oscarmora/repos/battleship/src/modules/factories/gameBoardFactory.js">
      <metrics statements="106" coveredstatements="99" conditionals="36" coveredconditionals="30" methods="10" coveredmethods="9"/>
      <line num="9" count="2" type="stmt"/>
      <line num="10" count="2" type="stmt"/>
      <line num="11" count="2" type="stmt"/>
      <line num="12" count="2" type="stmt"/>
      <line num="16" count="2" type="stmt"/>
      <line num="18" count="2" type="stmt"/>
      <line num="19" count="20" type="stmt"/>
      <line num="20" count="200" type="stmt"/>
      <line num="24" count="2" type="stmt"/>
      <line num="28" count="2" type="stmt"/>
      <line num="30" count="2" type="stmt"/>
      <line num="31" count="20" type="stmt"/>
      <line num="32" count="200" type="stmt"/>
      <line num="36" count="2" type="stmt"/>
      <line num="40" count="60" type="stmt"/>
      <line num="41" count="2686" type="cond" truecount="4" falsecount="0"/>
      <line num="42" count="57" type="stmt"/>
      <line num="58" count="8" type="stmt"/>
      <line num="59" count="8" type="cond" truecount="2" falsecount="0"/>
      <line num="60" count="5" type="stmt"/>
      <line num="61" count="8" type="stmt"/>
      <line num="62" count="8" type="stmt"/>
      <line num="63" count="8" type="stmt"/>
      <line num="65" count="5" type="stmt"/>
      <line num="66" count="6" type="stmt"/>
      <line num="67" count="6" type="stmt"/>
      <line num="68" count="6" type="stmt"/>
      <line num="71" count="3" type="stmt"/>
      <line num="72" count="5" type="stmt"/>
      <line num="73" count="5" type="stmt"/>
      <line num="74" count="5" type="stmt"/>
      <line num="76" count="3" type="stmt"/>
      <line num="77" count="4" type="stmt"/>
      <line num="78" count="4" type="stmt"/>
      <line num="79" count="4" type="stmt"/>
      <line num="83" count="8" type="stmt"/>
      <line num="84" count="22" type="cond" truecount="2" falsecount="0"/>
      <line num="85" count="1" type="stmt"/>
      <line num="100" count="8" type="stmt"/>
      <line num="101" count="8" type="stmt"/>
      <line num="102" count="8" type="stmt"/>
      <line num="103" count="8" type="stmt"/>
      <line num="105" count="8" type="cond" truecount="2" falsecount="0"/>
      <line num="118" count="1" type="stmt"/>
      <line num="121" count="7" type="cond" truecount="2" falsecount="0"/>
      <line num="122" count="4" type="stmt"/>
      <line num="123" count="6" type="stmt"/>
      <line num="124" count="6" type="stmt"/>
      <line num="125" count="6" type="cond" truecount="1" falsecount="1"/>
      <line num="126" count="6" type="stmt"/>
      <line num="127" count="6" type="stmt"/>
      <line num="128" count="0" type="stmt"/>
      <line num="130" count="4" type="stmt"/>
      <line num="131" count="4" type="stmt"/>
      <line num="132" count="4" type="stmt"/>
      <line num="133" count="4" type="cond" truecount="1" falsecount="1"/>
      <line num="134" count="4" type="stmt"/>
      <line num="135" count="4" type="stmt"/>
      <line num="136" count="0" type="stmt"/>
      <line num="139" count="3" type="stmt"/>
      <line num="140" count="5" type="stmt"/>
      <line num="141" count="5" type="stmt"/>
      <line num="142" count="5" type="cond" truecount="1" falsecount="1"/>
      <line num="143" count="5" type="stmt"/>
      <line num="144" count="5" type="stmt"/>
      <line num="145" count="0" type="stmt"/>
      <line num="147" count="3" type="stmt"/>
      <line num="148" count="4" type="stmt"/>
      <line num="149" count="4" type="stmt"/>
      <line num="150" count="4" type="cond" truecount="1" falsecount="1"/>
      <line num="151" count="4" type="stmt"/>
      <line num="152" count="4" type="stmt"/>
      <line num="153" count="0" type="stmt"/>
      <line num="157" count="7" type="stmt"/>
      <line num="161" count="10" type="stmt"/>
      <line num="163" count="10" type="stmt"/>
      <line num="164" count="10" type="stmt"/>
      <line num="165" count="10" type="stmt"/>
      <line num="167" count="10" type="stmt"/>
      <line num="169" count="10" type="cond" truecount="2" falsecount="0"/>
      <line num="171" count="9" type="stmt"/>
      <line num="173" count="9" type="cond" truecount="2" falsecount="0"/>
      <line num="174" count="8" type="stmt"/>
      <line num="175" count="8" type="stmt"/>
      <line num="177" count="8" type="stmt"/>
      <line num="188" count="8" type="cond" truecount="2" falsecount="0"/>
      <line num="189" count="1" type="stmt"/>
      <line num="193" count="7" type="stmt"/>
      <line num="196" count="1" type="stmt"/>
      <line num="200" count="20" type="cond" truecount="2" falsecount="0"/>
      <line num="201" count="18" type="cond" truecount="2" falsecount="0"/>
      <line num="202" count="1" type="stmt"/>
      <line num="203" count="1" type="stmt"/>
      <line num="204" count="1" type="stmt"/>
      <line num="207" count="17" type="stmt"/>
      <line num="209" count="17" type="cond" truecount="2" falsecount="0"/>
      <line num="210" count="1" type="stmt"/>
      <line num="213" count="16" type="stmt"/>
      <line num="215" count="16" type="stmt"/>
      <line num="218" count="2" type="stmt"/>
      <line num="222" count="0" type="stmt"/>
      <line num="223" count="0" type="cond" truecount="0" falsecount="2"/>
      <line num="224" count="0" type="stmt"/>
      <line num="230" count="17" type="stmt"/>
      <line num="231" count="17" type="cond" truecount="2" falsecount="0"/>
      <line num="232" count="1" type="stmt"/>
    </file>
    <file name="playerFactory.js" path="/Users/oscarmora/repos/battleship/src/modules/factories/playerFactory.js">
      <metrics statements="24" coveredstatements="19" conditionals="4" coveredconditionals="2" methods="6" coveredmethods="4"/>
      <line num="7" count="1" type="stmt"/>
      <line num="8" count="1" type="stmt"/>
      <line num="9" count="1" type="stmt"/>
      <line num="13" count="0" type="stmt"/>
      <line num="17" count="0" type="stmt"/>
      <line num="21" count="1" type="stmt"/>
      <line num="23" count="1" type="stmt"/>
      <line num="24" count="10" type="stmt"/>
      <line num="25" count="100" type="stmt"/>
      <line num="29" count="1" type="stmt"/>
      <line num="33" count="2" type="stmt"/>
      <line num="34" count="2" type="stmt"/>
      <line num="35" count="2" type="stmt"/>
      <line num="37" count="2" type="stmt"/>
      <line num="39" count="2" type="stmt"/>
      <line num="47" count="2" type="cond" truecount="1" falsecount="1"/>
      <line num="48" count="2" type="stmt"/>
      <line num="51" count="0" type="stmt"/>
      <line num="53" count="0" type="stmt"/>
      <line num="57" count="2" type="stmt"/>
      <line num="59" count="2" type="cond" truecount="1" falsecount="1"/>
      <line num="60" count="2" type="stmt"/>
      <line num="61" count="2" type="stmt"/>
      <line num="64" count="0" type="stmt"/>
    </file>
    <file name="shipFactory.js" path="/Users/oscarmora/repos/battleship/src/modules/factories/shipFactory.js">
      <metrics statements="8" coveredstatements="8" conditionals="2" coveredconditionals="2" methods="3" coveredmethods="3"/>
      <line num="3" count="21" type="stmt"/>
      <line num="4" count="21" type="stmt"/>
      <line num="5" count="21" type="stmt"/>
      <line num="6" count="21" type="stmt"/>
      <line num="10" count="7" type="stmt"/>
      <line num="11" count="7" type="stmt"/>
      <line num="15" count="7" type="cond" truecount="2" falsecount="0"/>
      <line num="16" count="2" type="stmt"/>
    </file>
  </project>
</coverage>
