<?xml version="1.0" encoding="UTF-8"?>
<coverage generated="1695869693324" clover="3.2.0">
  <project timestamp="1695869693325" name="All files">
    <metrics statements="7" coveredstatements="5" conditionals="2" coveredconditionals="0" methods="3" coveredmethods="2" elements="12" coveredelements="7" complexity="0" loc="7" ncloc="7" packages="1" files="1" classes="1"/>
    <file name="shipFactory.js" path="/Users/oscarmora/repos/battleship/src/modules/factories/shipFactory.js">
      <metrics statements="7" coveredstatements="5" conditionals="2" coveredconditionals="0" methods="3" coveredmethods="2"/>
      <line num="3" count="1" type="stmt"/>
      <line num="4" count="1" type="stmt"/>
      <line num="5" count="1" type="stmt"/>
      <line num="6" count="1" type="stmt"/>
      <line num="10" count="1" type="stmt"/>
      <line num="14" count="0" type="cond" truecount="0" falsecount="2"/>
      <line num="15" count="0" type="stmt"/>
    </file>
  </project>
</coverage>
