{"/Users/oscarmora/repos/battleship/src/modules/factories/gameBoardFactory.js": {"path":"/Users/oscarmora/repos/battleship/src/modules/factories/gameBoardFactory.js","statementMap":{"0":{"start":{"line":9,"column":8},"end":{"line":9,"column":41}},"1":{"start":{"line":10,"column":8},"end":{"line":10,"column":40}},"2":{"start":{"line":11,"column":8},"end":{"line":11,"column":46}},"3":{"start":{"line":12,"column":8},"end":{"line":12,"column":24}},"4":{"start":{"line":16,"column":22},"end":{"line":16,"column":24}},"5":{"start":{"line":18,"column":8},"end":{"line":22,"column":9}},"6":{"start":{"line":18,"column":21},"end":{"line":18,"column":22}},"7":{"start":{"line":19,"column":12},"end":{"line":21,"column":13}},"8":{"start":{"line":19,"column":25},"end":{"line":19,"column":26}},"9":{"start":{"line":20,"column":16},"end":{"line":20,"column":35}},"10":{"start":{"line":24,"column":8},"end":{"line":24,"column":21}},"11":{"start":{"line":28,"column":25},"end":{"line":28,"column":27}},"12":{"start":{"line":30,"column":8},"end":{"line":34,"column":9}},"13":{"start":{"line":30,"column":21},"end":{"line":30,"column":22}},"14":{"start":{"line":31,"column":12},"end":{"line":33,"column":13}},"15":{"start":{"line":31,"column":25},"end":{"line":31,"column":26}},"16":{"start":{"line":32,"column":16},"end":{"line":32,"column":34}},"17":{"start":{"line":36,"column":8},"end":{"line":36,"column":24}},"18":{"start":{"line":40,"column":8},"end":{"line":44,"column":9}},"19":{"start":{"line":40,"column":21},"end":{"line":40,"column":22}},"20":{"start":{"line":41,"column":12},"end":{"line":43,"column":13}},"21":{"start":{"line":42,"column":16},"end":{"line":42,"column":25}},"22":{"start":{"line":58,"column":22},"end":{"line":58,"column":24}},"23":{"start":{"line":59,"column":8},"end":{"line":81,"column":9}},"24":{"start":{"line":60,"column":12},"end":{"line":64,"column":13}},"25":{"start":{"line":60,"column":25},"end":{"line":60,"column":26}},"26":{"start":{"line":61,"column":16},"end":{"line":61,"column":32}},"27":{"start":{"line":62,"column":33},"end":{"line":62,"column":62}},"28":{"start":{"line":63,"column":16},"end":{"line":63,"column":37}},"29":{"start":{"line":65,"column":12},"end":{"line":69,"column":13}},"30":{"start":{"line":65,"column":25},"end":{"line":65,"column":26}},"31":{"start":{"line":66,"column":16},"end":{"line":66,"column":32}},"32":{"start":{"line":67,"column":33},"end":{"line":67,"column":62}},"33":{"start":{"line":68,"column":16},"end":{"line":68,"column":37}},"34":{"start":{"line":71,"column":12},"end":{"line":75,"column":13}},"35":{"start":{"line":71,"column":25},"end":{"line":71,"column":26}},"36":{"start":{"line":72,"column":16},"end":{"line":72,"column":32}},"37":{"start":{"line":73,"column":33},"end":{"line":73,"column":62}},"38":{"start":{"line":74,"column":16},"end":{"line":74,"column":37}},"39":{"start":{"line":76,"column":12},"end":{"line":80,"column":13}},"40":{"start":{"line":76,"column":25},"end":{"line":76,"column":26}},"41":{"start":{"line":77,"column":16},"end":{"line":77,"column":32}},"42":{"start":{"line":78,"column":33},"end":{"line":78,"column":62}},"43":{"start":{"line":79,"column":16},"end":{"line":79,"column":37}},"44":{"start":{"line":83,"column":8},"end":{"line":87,"column":9}},"45":{"start":{"line":83,"column":21},"end":{"line":83,"column":22}},"46":{"start":{"line":84,"column":12},"end":{"line":86,"column":13}},"47":{"start":{"line":85,"column":16},"end":{"line":85,"column":28}},"48":{"start":{"line":100,"column":25},"end":{"line":100,"column":26}},"49":{"start":{"line":101,"column":25},"end":{"line":101,"column":26}},"50":{"start":{"line":102,"column":25},"end":{"line":102,"column":26}},"51":{"start":{"line":103,"column":25},"end":{"line":103,"column":26}},"52":{"start":{"line":105,"column":8},"end":{"line":119,"column":9}},"53":{"start":{"line":118,"column":12},"end":{"line":118,"column":47}},"54":{"start":{"line":121,"column":8},"end":{"line":155,"column":9}},"55":{"start":{"line":122,"column":12},"end":{"line":129,"column":13}},"56":{"start":{"line":122,"column":25},"end":{"line":122,"column":26}},"57":{"start":{"line":123,"column":16},"end":{"line":123,"column":32}},"58":{"start":{"line":124,"column":33},"end":{"line":124,"column":62}},"59":{"start":{"line":125,"column":16},"end":{"line":128,"column":69}},"60":{"start":{"line":126,"column":20},"end":{"line":126,"column":52}},"61":{"start":{"line":127,"column":20},"end":{"line":127,"column":63}},"62":{"start":{"line":128,"column":23},"end":{"line":128,"column":69}},"63":{"start":{"line":130,"column":12},"end":{"line":137,"column":13}},"64":{"start":{"line":130,"column":25},"end":{"line":130,"column":26}},"65":{"start":{"line":131,"column":16},"end":{"line":131,"column":32}},"66":{"start":{"line":132,"column":33},"end":{"line":132,"column":62}},"67":{"start":{"line":133,"column":16},"end":{"line":136,"column":69}},"68":{"start":{"line":134,"column":20},"end":{"line":134,"column":52}},"69":{"start":{"line":135,"column":20},"end":{"line":135,"column":63}},"70":{"start":{"line":136,"column":23},"end":{"line":136,"column":69}},"71":{"start":{"line":139,"column":12},"end":{"line":146,"column":13}},"72":{"start":{"line":139,"column":25},"end":{"line":139,"column":26}},"73":{"start":{"line":140,"column":16},"end":{"line":140,"column":32}},"74":{"start":{"line":141,"column":33},"end":{"line":141,"column":62}},"75":{"start":{"line":142,"column":16},"end":{"line":145,"column":69}},"76":{"start":{"line":143,"column":20},"end":{"line":143,"column":52}},"77":{"start":{"line":144,"column":20},"end":{"line":144,"column":63}},"78":{"start":{"line":145,"column":23},"end":{"line":145,"column":69}},"79":{"start":{"line":147,"column":12},"end":{"line":154,"column":13}},"80":{"start":{"line":147,"column":25},"end":{"line":147,"column":26}},"81":{"start":{"line":148,"column":16},"end":{"line":148,"column":32}},"82":{"start":{"line":149,"column":33},"end":{"line":149,"column":62}},"83":{"start":{"line":150,"column":16},"end":{"line":153,"column":69}},"84":{"start":{"line":151,"column":20},"end":{"line":151,"column":52}},"85":{"start":{"line":152,"column":20},"end":{"line":152,"column":63}},"86":{"start":{"line":153,"column":23},"end":{"line":153,"column":69}},"87":{"start":{"line":157,"column":8},"end":{"line":157,"column":25}},"88":{"start":{"line":161,"column":21},"end":{"line":161,"column":51}},"89":{"start":{"line":163,"column":30},"end":{"line":163,"column":44}},"90":{"start":{"line":164,"column":31},"end":{"line":164,"column":60}},"91":{"start":{"line":165,"column":32},"end":{"line":165,"column":62}},"92":{"start":{"line":167,"column":29},"end":{"line":167,"column":49}},"93":{"start":{"line":169,"column":8},"end":{"line":169,"column":75}},"94":{"start":{"line":169,"column":40},"end":{"line":169,"column":75}},"95":{"start":{"line":171,"column":26},"end":{"line":171,"column":28}},"96":{"start":{"line":173,"column":8},"end":{"line":193,"column":9}},"97":{"start":{"line":174,"column":12},"end":{"line":174,"column":52}},"98":{"start":{"line":175,"column":12},"end":{"line":175,"column":45}},"99":{"start":{"line":177,"column":27},"end":{"line":186,"column":13}},"100":{"start":{"line":188,"column":12},"end":{"line":190,"column":13}},"101":{"start":{"line":189,"column":16},"end":{"line":189,"column":30}},"102":{"start":{"line":192,"column":12},"end":{"line":192,"column":29}},"103":{"start":{"line":195,"column":8},"end":{"line":195,"column":37}},"104":{"start":{"line":199,"column":8},"end":{"line":212,"column":9}},"105":{"start":{"line":200,"column":12},"end":{"line":203,"column":13}},"106":{"start":{"line":201,"column":16},"end":{"line":201,"column":50}},"107":{"start":{"line":202,"column":16},"end":{"line":202,"column":44}},"108":{"start":{"line":205,"column":12},"end":{"line":205,"column":45}},"109":{"start":{"line":207,"column":12},"end":{"line":209,"column":13}},"110":{"start":{"line":208,"column":16},"end":{"line":208,"column":40}},"111":{"start":{"line":211,"column":12},"end":{"line":211,"column":40}},"112":{"start":{"line":214,"column":8},"end":{"line":214,"column":39}},"113":{"start":{"line":218,"column":8},"end":{"line":222,"column":9}},"114":{"start":{"line":218,"column":21},"end":{"line":218,"column":22}},"115":{"start":{"line":219,"column":12},"end":{"line":221,"column":13}},"116":{"start":{"line":220,"column":16},"end":{"line":220,"column":36}},"117":{"start":{"line":226,"column":8},"end":{"line":226,"column":25}},"118":{"start":{"line":227,"column":8},"end":{"line":229,"column":9}},"119":{"start":{"line":228,"column":12},"end":{"line":228,"column":36}}},"fnMap":{"0":{"name":"(anonymous_0)","decl":{"start":{"line":8,"column":4},"end":{"line":8,"column":5}},"loc":{"start":{"line":8,"column":30},"end":{"line":13,"column":5}},"line":8},"1":{"name":"(anonymous_1)","decl":{"start":{"line":15,"column":4},"end":{"line":15,"column":5}},"loc":{"start":{"line":15,"column":18},"end":{"line":25,"column":5}},"line":15},"2":{"name":"(anonymous_2)","decl":{"start":{"line":27,"column":4},"end":{"line":27,"column":5}},"loc":{"start":{"line":27,"column":21},"end":{"line":37,"column":5}},"line":27},"3":{"name":"(anonymous_3)","decl":{"start":{"line":39,"column":4},"end":{"line":39,"column":5}},"loc":{"start":{"line":39,"column":20},"end":{"line":45,"column":5}},"line":39},"4":{"name":"(anonymous_4)","decl":{"start":{"line":47,"column":4},"end":{"line":47,"column":5}},"loc":{"start":{"line":57,"column":6},"end":{"line":88,"column":5}},"line":57},"5":{"name":"(anonymous_5)","decl":{"start":{"line":90,"column":4},"end":{"line":90,"column":5}},"loc":{"start":{"line":99,"column":6},"end":{"line":158,"column":5}},"line":99},"6":{"name":"(anonymous_6)","decl":{"start":{"line":160,"column":4},"end":{"line":160,"column":5}},"loc":{"start":{"line":160,"column":55},"end":{"line":196,"column":5}},"line":160},"7":{"name":"(anonymous_7)","decl":{"start":{"line":198,"column":4},"end":{"line":198,"column":5}},"loc":{"start":{"line":198,"column":25},"end":{"line":215,"column":5}},"line":198},"8":{"name":"(anonymous_8)","decl":{"start":{"line":217,"column":4},"end":{"line":217,"column":5}},"loc":{"start":{"line":217,"column":25},"end":{"line":223,"column":5}},"line":217},"9":{"name":"(anonymous_9)","decl":{"start":{"line":225,"column":4},"end":{"line":225,"column":5}},"loc":{"start":{"line":225,"column":19},"end":{"line":230,"column":5}},"line":225}},"branchMap":{"0":{"loc":{"start":{"line":41,"column":12},"end":{"line":43,"column":13}},"type":"if","locations":[{"start":{"line":41,"column":12},"end":{"line":43,"column":13}},{"start":{},"end":{}}],"line":41},"1":{"loc":{"start":{"line":41,"column":16},"end":{"line":41,"column":64}},"type":"binary-expr","locations":[{"start":{"line":41,"column":16},"end":{"line":41,"column":38}},{"start":{"line":41,"column":42},"end":{"line":41,"column":64}}],"line":41},"2":{"loc":{"start":{"line":59,"column":8},"end":{"line":81,"column":9}},"type":"if","locations":[{"start":{"line":59,"column":8},"end":{"line":81,"column":9}},{"start":{"line":70,"column":15},"end":{"line":81,"column":9}}],"line":59},"3":{"loc":{"start":{"line":84,"column":12},"end":{"line":86,"column":13}},"type":"if","locations":[{"start":{"line":84,"column":12},"end":{"line":86,"column":13}},{"start":{},"end":{}}],"line":84},"4":{"loc":{"start":{"line":105,"column":8},"end":{"line":119,"column":9}},"type":"if","locations":[{"start":{"line":105,"column":8},"end":{"line":119,"column":9}},{"start":{},"end":{}}],"line":105},"5":{"loc":{"start":{"line":121,"column":8},"end":{"line":155,"column":9}},"type":"if","locations":[{"start":{"line":121,"column":8},"end":{"line":155,"column":9}},{"start":{"line":138,"column":15},"end":{"line":155,"column":9}}],"line":121},"6":{"loc":{"start":{"line":125,"column":16},"end":{"line":128,"column":69}},"type":"if","locations":[{"start":{"line":125,"column":16},"end":{"line":128,"column":69}},{"start":{"line":128,"column":23},"end":{"line":128,"column":69}}],"line":125},"7":{"loc":{"start":{"line":133,"column":16},"end":{"line":136,"column":69}},"type":"if","locations":[{"start":{"line":133,"column":16},"end":{"line":136,"column":69}},{"start":{"line":136,"column":23},"end":{"line":136,"column":69}}],"line":133},"8":{"loc":{"start":{"line":142,"column":16},"end":{"line":145,"column":69}},"type":"if","locations":[{"start":{"line":142,"column":16},"end":{"line":145,"column":69}},{"start":{"line":145,"column":23},"end":{"line":145,"column":69}}],"line":142},"9":{"loc":{"start":{"line":150,"column":16},"end":{"line":153,"column":69}},"type":"if","locations":[{"start":{"line":150,"column":16},"end":{"line":153,"column":69}},{"start":{"line":153,"column":23},"end":{"line":153,"column":69}}],"line":150},"10":{"loc":{"start":{"line":169,"column":8},"end":{"line":169,"column":75}},"type":"if","locations":[{"start":{"line":169,"column":8},"end":{"line":169,"column":75}},{"start":{},"end":{}}],"line":169},"11":{"loc":{"start":{"line":173,"column":8},"end":{"line":193,"column":9}},"type":"if","locations":[{"start":{"line":173,"column":8},"end":{"line":193,"column":9}},{"start":{},"end":{}}],"line":173},"12":{"loc":{"start":{"line":188,"column":12},"end":{"line":190,"column":13}},"type":"if","locations":[{"start":{"line":188,"column":12},"end":{"line":190,"column":13}},{"start":{},"end":{}}],"line":188},"13":{"loc":{"start":{"line":199,"column":8},"end":{"line":212,"column":9}},"type":"if","locations":[{"start":{"line":199,"column":8},"end":{"line":212,"column":9}},{"start":{},"end":{}}],"line":199},"14":{"loc":{"start":{"line":200,"column":12},"end":{"line":203,"column":13}},"type":"if","locations":[{"start":{"line":200,"column":12},"end":{"line":203,"column":13}},{"start":{},"end":{}}],"line":200},"15":{"loc":{"start":{"line":207,"column":12},"end":{"line":209,"column":13}},"type":"if","locations":[{"start":{"line":207,"column":12},"end":{"line":209,"column":13}},{"start":{},"end":{}}],"line":207},"16":{"loc":{"start":{"line":219,"column":12},"end":{"line":221,"column":13}},"type":"if","locations":[{"start":{"line":219,"column":12},"end":{"line":221,"column":13}},{"start":{},"end":{}}],"line":219},"17":{"loc":{"start":{"line":227,"column":8},"end":{"line":229,"column":9}},"type":"if","locations":[{"start":{"line":227,"column":8},"end":{"line":229,"column":9}},{"start":{},"end":{}}],"line":227}},"s":{"0":2,"1":2,"2":2,"3":2,"4":2,"5":2,"6":2,"7":20,"8":20,"9":200,"10":2,"11":2,"12":2,"13":2,"14":20,"15":20,"16":200,"17":2,"18":60,"19":60,"20":3046,"21":57,"22":8,"23":8,"24":7,"25":7,"26":11,"27":11,"28":11,"29":7,"30":7,"31":9,"32":9,"33":9,"34":1,"35":1,"36":2,"37":2,"38":2,"39":1,"40":1,"41":1,"42":1,"43":1,"44":8,"45":8,"46":22,"47":1,"48":8,"49":8,"50":8,"51":8,"52":8,"53":1,"54":7,"55":6,"56":6,"57":9,"58":9,"59":9,"60":9,"61":9,"62":0,"63":6,"64":6,"65":7,"66":7,"67":7,"68":7,"69":7,"70":0,"71":1,"72":1,"73":2,"74":2,"75":2,"76":2,"77":2,"78":0,"79":1,"80":1,"81":1,"82":1,"83":1,"84":1,"85":1,"86":0,"87":7,"88":10,"89":10,"90":10,"91":10,"92":10,"93":10,"94":1,"95":9,"96":9,"97":8,"98":8,"99":8,"100":8,"101":1,"102":7,"103":1,"104":4,"105":2,"106":1,"107":1,"108":1,"109":1,"110":0,"111":1,"112":2,"113":0,"114":0,"115":0,"116":0,"117":1,"118":1,"119":0},"f":{"0":2,"1":2,"2":2,"3":60,"4":8,"5":8,"6":10,"7":4,"8":0,"9":1},"b":{"0":[57,2989],"1":[3046,306],"2":[7,1],"3":[1,21],"4":[1,7],"5":[6,1],"6":[9,0],"7":[7,0],"8":[2,0],"9":[1,0],"10":[1,9],"11":[8,1],"12":[1,7],"13":[2,2],"14":[1,1],"15":[0,1],"16":[0,0],"17":[0,1]},"_coverageSchema":"1a1c01bbd47fc00a2c39e90264f33305004495a9","hash":"28175a055cdd9c47202d3ca1e06cf1dc508afc42"}
,"/Users/oscarmora/repos/battleship/src/modules/factories/playerFactory.js": {"path":"/Users/oscarmora/repos/battleship/src/modules/factories/playerFactory.js","statementMap":{"0":{"start":{"line":7,"column":8},"end":{"line":7,"column":41}},"1":{"start":{"line":8,"column":8},"end":{"line":8,"column":48}},"2":{"start":{"line":9,"column":8},"end":{"line":9,"column":53}},"3":{"start":{"line":13,"column":26},"end":{"line":19,"column":9}},"4":{"start":{"line":20,"column":8},"end":{"line":20,"column":25}},"5":{"start":{"line":24,"column":8},"end":{"line":24,"column":43}},"6":{"start":{"line":28,"column":22},"end":{"line":28,"column":24}},"7":{"start":{"line":30,"column":8},"end":{"line":34,"column":9}},"8":{"start":{"line":30,"column":21},"end":{"line":30,"column":22}},"9":{"start":{"line":31,"column":12},"end":{"line":33,"column":13}},"10":{"start":{"line":31,"column":25},"end":{"line":31,"column":26}},"11":{"start":{"line":32,"column":16},"end":{"line":32,"column":31}},"12":{"start":{"line":36,"column":8},"end":{"line":36,"column":21}},"13":{"start":{"line":40,"column":24},"end":{"line":40,"column":57}},"14":{"start":{"line":41,"column":24},"end":{"line":41,"column":57}},"15":{"start":{"line":42,"column":29},"end":{"line":42,"column":55}},"16":{"start":{"line":44,"column":12},"end":{"line":44,"column":73}},"17":{"start":{"line":46,"column":30},"end":{"line":52,"column":9}},"18":{"start":{"line":54,"column":8},"end":{"line":56,"column":9}},"19":{"start":{"line":55,"column":12},"end":{"line":55,"column":33}},"20":{"start":{"line":58,"column":8},"end":{"line":58,"column":44}},"21":{"start":{"line":60,"column":8},"end":{"line":60,"column":63}},"22":{"start":{"line":64,"column":28},"end":{"line":64,"column":79}},"23":{"start":{"line":66,"column":8},"end":{"line":69,"column":9}},"24":{"start":{"line":67,"column":12},"end":{"line":67,"column":55}},"25":{"start":{"line":68,"column":12},"end":{"line":68,"column":31}},"26":{"start":{"line":71,"column":8},"end":{"line":71,"column":37}}},"fnMap":{"0":{"name":"(anonymous_0)","decl":{"start":{"line":6,"column":4},"end":{"line":6,"column":5}},"loc":{"start":{"line":6,"column":30},"end":{"line":10,"column":5}},"line":6},"1":{"name":"(anonymous_1)","decl":{"start":{"line":12,"column":4},"end":{"line":12,"column":5}},"loc":{"start":{"line":12,"column":64},"end":{"line":21,"column":5}},"line":12},"2":{"name":"(anonymous_2)","decl":{"start":{"line":23,"column":4},"end":{"line":23,"column":5}},"loc":{"start":{"line":23,"column":23},"end":{"line":25,"column":5}},"line":23},"3":{"name":"(anonymous_3)","decl":{"start":{"line":27,"column":4},"end":{"line":27,"column":5}},"loc":{"start":{"line":27,"column":20},"end":{"line":37,"column":5}},"line":27},"4":{"name":"(anonymous_4)","decl":{"start":{"line":39,"column":4},"end":{"line":39,"column":5}},"loc":{"start":{"line":39,"column":47},"end":{"line":61,"column":5}},"line":39},"5":{"name":"(anonymous_5)","decl":{"start":{"line":63,"column":4},"end":{"line":63,"column":5}},"loc":{"start":{"line":63,"column":21},"end":{"line":72,"column":5}},"line":63}},"branchMap":{"0":{"loc":{"start":{"line":54,"column":8},"end":{"line":56,"column":9}},"type":"if","locations":[{"start":{"line":54,"column":8},"end":{"line":56,"column":9}},{"start":{},"end":{}}],"line":54},"1":{"loc":{"start":{"line":66,"column":8},"end":{"line":69,"column":9}},"type":"if","locations":[{"start":{"line":66,"column":8},"end":{"line":69,"column":9}},{"start":{},"end":{}}],"line":66}},"s":{"0":1,"1":1,"2":1,"3":0,"4":0,"5":0,"6":1,"7":1,"8":1,"9":10,"10":10,"11":100,"12":1,"13":2,"14":2,"15":2,"16":2,"17":2,"18":2,"19":2,"20":0,"21":0,"22":2,"23":2,"24":2,"25":2,"26":0},"f":{"0":1,"1":0,"2":0,"3":1,"4":2,"5":2},"b":{"0":[2,0],"1":[2,0]},"_coverageSchema":"1a1c01bbd47fc00a2c39e90264f33305004495a9","hash":"4d8d1bf2bbb8f321b43b1c65849c6659b8fa8922"}
,"/Users/oscarmora/repos/battleship/src/modules/factories/shipFactory.js": {"path":"/Users/oscarmora/repos/battleship/src/modules/factories/shipFactory.js","statementMap":{"0":{"start":{"line":3,"column":8},"end":{"line":3,"column":25}},"1":{"start":{"line":4,"column":8},"end":{"line":4,"column":29}},"2":{"start":{"line":5,"column":8},"end":{"line":5,"column":22}},"3":{"start":{"line":6,"column":8},"end":{"line":6,"column":26}},"4":{"start":{"line":10,"column":8},"end":{"line":10,"column":23}},"5":{"start":{"line":11,"column":8},"end":{"line":11,"column":22}},"6":{"start":{"line":15,"column":8},"end":{"line":17,"column":9}},"7":{"start":{"line":16,"column":12},"end":{"line":16,"column":29}}},"fnMap":{"0":{"name":"(anonymous_0)","decl":{"start":{"line":2,"column":4},"end":{"line":2,"column":5}},"loc":{"start":{"line":2,"column":30},"end":{"line":7,"column":5}},"line":2},"1":{"name":"(anonymous_1)","decl":{"start":{"line":9,"column":4},"end":{"line":9,"column":5}},"loc":{"start":{"line":9,"column":10},"end":{"line":12,"column":5}},"line":9},"2":{"name":"(anonymous_2)","decl":{"start":{"line":14,"column":4},"end":{"line":14,"column":5}},"loc":{"start":{"line":14,"column":13},"end":{"line":18,"column":5}},"line":14}},"branchMap":{"0":{"loc":{"start":{"line":15,"column":8},"end":{"line":17,"column":9}},"type":"if","locations":[{"start":{"line":15,"column":8},"end":{"line":17,"column":9}},{"start":{},"end":{}}],"line":15}},"s":{"0":21,"1":21,"2":21,"3":21,"4":7,"5":7,"6":7,"7":2},"f":{"0":21,"1":7,"2":7},"b":{"0":[2,5]},"_coverageSchema":"1a1c01bbd47fc00a2c39e90264f33305004495a9","hash":"5dd64e61808b8d6441bacc684f7f0bd0d637a665"}
}
