TN:
SF:src/modules/factories/gameBoardFactory.js
FN:8,(anonymous_0)
FN:15,(anonymous_1)
FN:27,(anonymous_2)
FN:39,(anonymous_3)
FN:47,(anonymous_4)
FN:90,(anonymous_5)
FN:160,(anonymous_6)
FN:198,(anonymous_7)
FN:217,(anonymous_8)
FN:225,(anonymous_9)
FNF:10
FNH:9
FNDA:2,(anonymous_0)
FNDA:2,(anonymous_1)
FNDA:2,(anonymous_2)
FNDA:60,(anonymous_3)
FNDA:8,(anonymous_4)
FNDA:8,(anonymous_5)
FNDA:10,(anonymous_6)
FNDA:20,(anonymous_7)
FNDA:0,(anonymous_8)
FNDA:17,(anonymous_9)
DA:9,2
DA:10,2
DA:11,2
DA:12,2
DA:16,2
DA:18,2
DA:19,20
DA:20,200
DA:24,2
DA:28,2
DA:30,2
DA:31,20
DA:32,200
DA:36,2
DA:40,60
DA:41,2686
DA:42,57
DA:58,8
DA:59,8
DA:60,5
DA:61,8
DA:62,8
DA:63,8
DA:65,5
DA:66,6
DA:67,6
DA:68,6
DA:71,3
DA:72,5
DA:73,5
DA:74,5
DA:76,3
DA:77,4
DA:78,4
DA:79,4
DA:83,8
DA:84,22
DA:85,1
DA:100,8
DA:101,8
DA:102,8
DA:103,8
DA:105,8
DA:118,1
DA:121,7
DA:122,4
DA:123,6
DA:124,6
DA:125,6
DA:126,6
DA:127,6
DA:128,0
DA:130,4
DA:131,4
DA:132,4
DA:133,4
DA:134,4
DA:135,4
DA:136,0
DA:139,3
DA:140,5
DA:141,5
DA:142,5
DA:143,5
DA:144,5
DA:145,0
DA:147,3
DA:148,4
DA:149,4
DA:150,4
DA:151,4
DA:152,4
DA:153,0
DA:157,7
DA:161,10
DA:163,10
DA:164,10
DA:165,10
DA:167,10
DA:169,10
DA:171,9
DA:173,9
DA:174,8
DA:175,8
DA:177,8
DA:188,8
DA:189,1
DA:192,7
DA:195,1
DA:199,20
DA:200,18
DA:201,1
DA:202,1
DA:205,17
DA:207,17
DA:208,1
DA:211,16
DA:214,2
DA:218,0
DA:219,0
DA:220,0
DA:226,17
DA:227,17
DA:228,1
LF:104
LH:97
BRDA:41,0,0,57
BRDA:41,0,1,2629
BRDA:41,1,0,2686
BRDA:41,1,1,346
BRDA:59,2,0,5
BRDA:59,2,1,3
BRDA:84,3,0,1
BRDA:84,3,1,21
BRDA:105,4,0,1
BRDA:105,4,1,7
BRDA:121,5,0,4
BRDA:121,5,1,3
BRDA:125,6,0,6
BRDA:125,6,1,0
BRDA:133,7,0,4
BRDA:133,7,1,0
BRDA:142,8,0,5
BRDA:142,8,1,0
BRDA:150,9,0,4
BRDA:150,9,1,0
BRDA:169,10,0,1
BRDA:169,10,1,9
BRDA:173,11,0,8
BRDA:173,11,1,1
BRDA:188,12,0,1
BRDA:188,12,1,7
BRDA:199,13,0,18
BRDA:199,13,1,2
BRDA:200,14,0,1
BRDA:200,14,1,17
BRDA:207,15,0,1
BRDA:207,15,1,16
BRDA:219,16,0,0
BRDA:219,16,1,0
BRDA:227,17,0,1
BRDA:227,17,1,16
BRF:36
BRH:30
end_of_record
TN:
SF:src/modules/factories/playerFactory.js
FN:6,(anonymous_0)
FN:13,(anonymous_1)
FN:17,(anonymous_2)
FN:21,(anonymous_3)
FN:33,(anonymous_4)
FN:57,(anonymous_5)
FN:68,(anonymous_6)
FNF:7
FNH:4
FNDA:1,(anonymous_0)
FNDA:0,(anonymous_1)
FNDA:0,(anonymous_2)
FNDA:1,(anonymous_3)
FNDA:2,(anonymous_4)
FNDA:2,(anonymous_5)
FNDA:0,(anonymous_6)
DA:7,1
DA:8,1
DA:9,1
DA:10,1
DA:14,0
DA:18,0
DA:22,1
DA:24,1
DA:25,10
DA:26,100
DA:30,1
DA:34,2
DA:35,2
DA:36,2
DA:38,2
DA:40,2
DA:48,2
DA:49,2
DA:52,0
DA:54,0
DA:58,2
DA:60,2
DA:61,2
DA:62,2
DA:65,0
DA:69,0
DA:70,0
DA:71,0
DA:72,0
DA:74,0
DA:75,0
LF:31
LH:20
BRDA:48,0,0,2
BRDA:48,0,1,0
BRDA:60,1,0,2
BRDA:60,1,1,0
BRDA:70,2,0,0
BRDA:70,2,1,0
BRF:6
BRH:2
end_of_record
TN:
SF:src/modules/factories/shipFactory.js
FN:2,(anonymous_0)
FN:9,(anonymous_1)
FN:14,(anonymous_2)
FNF:3
FNH:3
FNDA:21,(anonymous_0)
FNDA:7,(anonymous_1)
FNDA:7,(anonymous_2)
DA:3,21
DA:4,21
DA:5,21
DA:6,21
DA:10,7
DA:11,7
DA:15,7
DA:16,2
LF:8
LH:8
BRDA:15,0,0,2
BRDA:15,0,1,5
BRF:2
BRH:2
end_of_record
