TN:
SF:src/modules/factories/gameBoardFactory.js
FN:8,(anonymous_0)
FN:14,(anonymous_1)
FN:26,(anonymous_2)
FN:38,(anonymous_3)
FN:46,(anonymous_4)
FN:89,(anonymous_5)
FN:151,(anonymous_6)
FN:190,(anonymous_7)
FN:211,(anonymous_8)
FNF:9
FNH:9
FNDA:2,(anonymous_0)
FNDA:2,(anonymous_1)
FNDA:2,(anonymous_2)
FNDA:76,(anonymous_3)
FNDA:8,(anonymous_4)
FNDA:8,(anonymous_5)
FNDA:10,(anonymous_6)
FNDA:20,(anonymous_7)
FNDA:17,(anonymous_8)
DA:9,2
DA:10,2
DA:11,2
DA:15,2
DA:17,2
DA:18,20
DA:19,200
DA:23,2
DA:27,2
DA:29,2
DA:30,20
DA:31,200
DA:35,2
DA:39,76
DA:40,3505
DA:41,73
DA:57,8
DA:58,8
DA:59,5
DA:60,8
DA:61,8
DA:62,8
DA:64,5
DA:65,6
DA:66,6
DA:67,6
DA:70,3
DA:71,5
DA:72,5
DA:73,5
DA:75,3
DA:76,4
DA:77,4
DA:78,4
DA:82,8
DA:83,22
DA:84,1
DA:99,8
DA:100,8
DA:101,8
DA:102,8
DA:104,8
DA:117,1
DA:120,7
DA:121,4
DA:122,6
DA:123,6
DA:124,6
DA:125,6
DA:127,4
DA:128,4
DA:129,4
DA:130,4
DA:131,4
DA:134,3
DA:135,5
DA:136,5
DA:137,5
DA:138,5
DA:140,3
DA:141,4
DA:142,4
DA:143,4
DA:144,4
DA:148,7
DA:152,10
DA:154,10
DA:155,10
DA:156,10
DA:158,10
DA:160,10
DA:162,9
DA:164,9
DA:165,8
DA:166,8
DA:168,8
DA:179,8
DA:180,1
DA:184,7
DA:187,1
DA:191,20
DA:193,20
DA:194,18
DA:195,1
DA:196,1
DA:199,17
DA:201,17
DA:202,1
DA:205,16
DA:208,2
DA:212,17
DA:213,17
DA:214,1
LF:93
LH:93
BRDA:40,0,0,73
BRDA:40,0,1,3432
BRDA:40,1,0,3505
BRDA:40,1,1,465
BRDA:58,2,0,5
BRDA:58,2,1,3
BRDA:83,3,0,1
BRDA:83,3,1,21
BRDA:104,4,0,1
BRDA:104,4,1,7
BRDA:120,5,0,4
BRDA:120,5,1,3
BRDA:160,6,0,1
BRDA:160,6,1,9
BRDA:164,7,0,8
BRDA:164,7,1,1
BRDA:179,8,0,1
BRDA:179,8,1,7
BRDA:193,9,0,18
BRDA:193,9,1,2
BRDA:194,10,0,1
BRDA:194,10,1,17
BRDA:201,11,0,1
BRDA:201,11,1,16
BRDA:213,12,0,1
BRDA:213,12,1,16
BRF:26
BRH:26
end_of_record
TN:
SF:src/modules/factories/playerFactory.js
FN:6,(anonymous_0)
FN:13,(anonymous_1)
FN:17,(anonymous_2)
FN:21,(anonymous_3)
FN:33,(anonymous_4)
FN:55,(anonymous_5)
FNF:6
FNH:4
FNDA:1,(anonymous_0)
FNDA:0,(anonymous_1)
FNDA:0,(anonymous_2)
FNDA:2,(anonymous_3)
FNDA:2,(anonymous_4)
FNDA:2,(anonymous_5)
DA:7,1
DA:8,1
DA:9,1
DA:10,1
DA:14,0
DA:18,0
DA:22,2
DA:24,2
DA:25,20
DA:26,200
DA:30,2
DA:34,2
DA:35,2
DA:36,2
DA:38,2
DA:40,2
DA:48,2
DA:49,2
DA:52,0
DA:56,2
DA:58,2
DA:59,2
DA:60,2
DA:63,0
LF:24
LH:20
BRDA:48,0,0,2
BRDA:48,0,1,0
BRDA:58,1,0,2
BRDA:58,1,1,0
BRF:4
BRH:2
end_of_record
TN:
SF:src/modules/factories/shipFactory.js
FN:2,(anonymous_0)
FN:9,(anonymous_1)
FN:14,(anonymous_2)
FNF:3
FNH:3
FNDA:21,(anonymous_0)
FNDA:7,(anonymous_1)
FNDA:7,(anonymous_2)
DA:3,21
DA:4,21
DA:5,21
DA:6,21
DA:10,7
DA:11,7
DA:15,7
DA:16,2
LF:8
LH:8
BRDA:15,0,0,2
BRDA:15,0,1,5
BRF:2
BRH:2
end_of_record
